<?xml version="1.0" encoding="UTF-8"?>
<testsuite xmlns:xsi="http://www.w3.org/2001/XMLSchema-instance" xsi:noNamespaceSchemaLocation="https://maven.apache.org/surefire/maven-surefire-plugin/xsd/surefire-test-report-3.0.xsd" version="3.0" name="examples.ExamplesTest" time="9.051" tests="1" errors="0" skipped="0" failures="1">
  <properties>
    <property name="java.specification.version" value="18"/>
    <property name="sun.cpu.isalist" value="amd64"/>
    <property name="sun.jnu.encoding" value="Cp1252"/>
    <property name="TEST_MANAGER_API_HOST" value="https://runs.crowdaracademy.lippia.io/runs"/>
    <property name="java.class.path" value="C:\Program Files\JetBrains\IntelliJ IDEA Community Edition 2022.1.3\plugins\maven\lib\maven3\boot\plexus-classworlds-2.6.0.jar;C:\Program Files\JetBrains\IntelliJ IDEA Community Edition 2022.1.3\plugins\maven\lib\maven3\boot\plexus-classworlds.license"/>
    <property name="forkCount" value="0"/>
    <property name="java.vm.vendor" value="Oracle Corporation"/>
    <property name="sun.arch.data.model" value="64"/>
    <property name="user.variant" value=""/>
    <property name="java.vendor.url" value="https://java.oracle.com/"/>
    <property name="user.timezone" value="America/Buenos_Aires"/>
    <property name="maven.conf" value="C:\Program Files\JetBrains\IntelliJ IDEA Community Edition 2022.1.3\plugins\maven\lib\maven3/conf"/>
    <property name="java.vm.specification.version" value="18"/>
    <property name="os.name" value="Windows 11"/>
    <property name="TEST_MANAGER_RUN_NAME" value="aut sample #12"/>
    <property name="sun.java.launcher" value="SUN_STANDARD"/>
    <property name="user.country" value="AR"/>
    <property name="sun.boot.library.path" value="C:\Program Files\Java\jdk-18.0.1.1\bin"/>
    <property name="sun.java.command" value="org.codehaus.classworlds.Launcher -Didea.version=2022.1.3 clean test -Pexamples-tests -DforkCount=0"/>
    <property name="jdk.debug" value="release"/>
    <property name="maven.home" value="C:\Program Files\JetBrains\IntelliJ IDEA Community Edition 2022.1.3\plugins\maven\lib\maven3"/>
    <property name="surefire.test.class.path" value="D:\adapterKarate\lippia-api-sample-project-karate\target\test-classes;D:\adapterKarate\lippia-api-sample-project-karate\target\classes;C:\Users\carla\.m2\repository\com\intuit\karate\karate-junit5\1.2.0\karate-junit5-1.2.0.jar;C:\Users\carla\.m2\repository\com\intuit\karate\karate-core\1.2.0\karate-core-1.2.0.jar;C:\Users\carla\.m2\repository\org\graalvm\js\js-scriptengine\21.2.0\js-scriptengine-21.2.0.jar;C:\Users\carla\.m2\repository\org\graalvm\sdk\graal-sdk\21.2.0\graal-sdk-21.2.0.jar;C:\Users\carla\.m2\repository\org\graalvm\js\js\21.2.0\js-21.2.0.jar;C:\Users\carla\.m2\repository\org\graalvm\regex\regex\21.2.0\regex-21.2.0.jar;C:\Users\carla\.m2\repository\org\graalvm\truffle\truffle-api\21.2.0\truffle-api-21.2.0.jar;C:\Users\carla\.m2\repository\com\ibm\icu\icu4j\69.1\icu4j-69.1.jar;C:\Users\carla\.m2\repository\org\thymeleaf\thymeleaf\3.0.14.RELEASE\thymeleaf-3.0.14.RELEASE.jar;C:\Users\carla\.m2\repository\ognl\ognl\3.1.26\ognl-3.1.26.jar;C:\Users\carla\.m2\repository\org\javassist\javassist\3.20.0-GA\javassist-3.20.0-GA.jar;C:\Users\carla\.m2\repository\org\attoparser\attoparser\2.0.5.RELEASE\attoparser-2.0.5.RELEASE.jar;C:\Users\carla\.m2\repository\org\unbescape\unbescape\1.1.6.RELEASE\unbescape-1.1.6.RELEASE.jar;C:\Users\carla\.m2\repository\org\slf4j\slf4j-api\1.7.25\slf4j-api-1.7.25.jar;C:\Users\carla\.m2\repository\com\linecorp\armeria\armeria\1.13.4\armeria-1.13.4.jar;C:\Users\carla\.m2\repository\com\fasterxml\jackson\core\jackson-core\2.13.0\jackson-core-2.13.0.jar;C:\Users\carla\.m2\repository\com\fasterxml\jackson\core\jackson-annotations\2.13.0\jackson-annotations-2.13.0.jar;C:\Users\carla\.m2\repository\com\fasterxml\jackson\core\jackson-databind\2.13.0\jackson-databind-2.13.0.jar;C:\Users\carla\.m2\repository\io\micrometer\micrometer-core\1.7.6\micrometer-core-1.7.6.jar;C:\Users\carla\.m2\repository\org\hdrhistogram\HdrHistogram\2.1.12\HdrHistogram-2.1.12.jar;C:\Users\carla\.m2\repository\org\latencyutils\LatencyUtils\2.0.3\LatencyUtils-2.0.3.jar;C:\Users\carla\.m2\repository\io\netty\netty-transport\4.1.70.Final\netty-transport-4.1.70.Final.jar;C:\Users\carla\.m2\repository\io\netty\netty-common\4.1.70.Final\netty-common-4.1.70.Final.jar;C:\Users\carla\.m2\repository\io\netty\netty-buffer\4.1.70.Final\netty-buffer-4.1.70.Final.jar;C:\Users\carla\.m2\repository\io\netty\netty-resolver\4.1.70.Final\netty-resolver-4.1.70.Final.jar;C:\Users\carla\.m2\repository\io\netty\netty-codec-http2\4.1.70.Final\netty-codec-http2-4.1.70.Final.jar;C:\Users\carla\.m2\repository\io\netty\netty-codec\4.1.70.Final\netty-codec-4.1.70.Final.jar;C:\Users\carla\.m2\repository\io\netty\netty-handler\4.1.70.Final\netty-handler-4.1.70.Final.jar;C:\Users\carla\.m2\repository\io\netty\netty-codec-http\4.1.70.Final\netty-codec-http-4.1.70.Final.jar;C:\Users\carla\.m2\repository\io\netty\netty-codec-haproxy\4.1.70.Final\netty-codec-haproxy-4.1.70.Final.jar;C:\Users\carla\.m2\repository\io\netty\netty-resolver-dns\4.1.70.Final\netty-resolver-dns-4.1.70.Final.jar;C:\Users\carla\.m2\repository\io\netty\netty-codec-dns\4.1.70.Final\netty-codec-dns-4.1.70.Final.jar;C:\Users\carla\.m2\repository\org\reactivestreams\reactive-streams\1.0.3\reactive-streams-1.0.3.jar;C:\Users\carla\.m2\repository\com\google\code\findbugs\jsr305\3.0.2\jsr305-3.0.2.jar;C:\Users\carla\.m2\repository\io\netty\netty-resolver-dns-native-macos\4.1.70.Final\netty-resolver-dns-native-macos-4.1.70.Final-osx-x86_64.jar;C:\Users\carla\.m2\repository\io\netty\netty-resolver-dns-classes-macos\4.1.70.Final\netty-resolver-dns-classes-macos-4.1.70.Final.jar;C:\Users\carla\.m2\repository\io\netty\netty-transport-native-unix-common\4.1.70.Final\netty-transport-native-unix-common-4.1.70.Final-linux-x86_64.jar;C:\Users\carla\.m2\repository\io\netty\netty-transport-native-epoll\4.1.70.Final\netty-transport-native-epoll-4.1.70.Final-linux-x86_64.jar;C:\Users\carla\.m2\repository\io\netty\netty-transport-native-unix-common\4.1.70.Final\netty-transport-native-unix-common-4.1.70.Final.jar;C:\Users\carla\.m2\repository\io\netty\netty-transport-classes-epoll\4.1.70.Final\netty-transport-classes-epoll-4.1.70.Final.jar;C:\Users\carla\.m2\repository\io\netty\netty-tcnative-boringssl-static\2.0.44.Final\netty-tcnative-boringssl-static-2.0.44.Final.jar;C:\Users\carla\.m2\repository\io\netty\netty-handler-proxy\4.1.70.Final\netty-handler-proxy-4.1.70.Final.jar;C:\Users\carla\.m2\repository\io\netty\netty-codec-socks\4.1.70.Final\netty-codec-socks-4.1.70.Final.jar;C:\Users\carla\.m2\repository\com\aayushatharva\brotli4j\brotli4j\1.6.0\brotli4j-1.6.0.jar;C:\Users\carla\.m2\repository\com\aayushatharva\brotli4j\native-windows-x86_64\1.6.0\native-windows-x86_64-1.6.0.jar;C:\Users\carla\.m2\repository\ch\qos\logback\logback-classic\1.2.9\logback-classic-1.2.9.jar;C:\Users\carla\.m2\repository\ch\qos\logback\logback-core\1.2.9\logback-core-1.2.9.jar;C:\Users\carla\.m2\repository\org\slf4j\jcl-over-slf4j\1.7.32\jcl-over-slf4j-1.7.32.jar;C:\Users\carla\.m2\repository\org\antlr\antlr4-runtime\4.9.2\antlr4-runtime-4.9.2.jar;C:\Users\carla\.m2\repository\com\jayway\jsonpath\json-path\2.7.0\json-path-2.7.0.jar;C:\Users\carla\.m2\repository\net\minidev\json-smart\2.4.7\json-smart-2.4.7.jar;C:\Users\carla\.m2\repository\net\minidev\accessors-smart\2.4.7\accessors-smart-2.4.7.jar;C:\Users\carla\.m2\repository\org\ow2\asm\asm\9.1\asm-9.1.jar;C:\Users\carla\.m2\repository\info\cukes\cucumber-java\1.2.5\cucumber-java-1.2.5.jar;C:\Users\carla\.m2\repository\info\cukes\cucumber-core\1.2.5\cucumber-core-1.2.5.jar;C:\Users\carla\.m2\repository\org\yaml\snakeyaml\1.29\snakeyaml-1.29.jar;C:\Users\carla\.m2\repository\de\siegmar\fastcsv\2.0.0\fastcsv-2.0.0.jar;C:\Users\carla\.m2\repository\info\picocli\picocli\4.6.1\picocli-4.6.1.jar;C:\Users\carla\.m2\repository\io\github\classgraph\classgraph\4.8.108\classgraph-4.8.108.jar;C:\Users\carla\.m2\repository\org\junit\jupiter\junit-jupiter-api\5.7.2\junit-jupiter-api-5.7.2.jar;C:\Users\carla\.m2\repository\org\apiguardian\apiguardian-api\1.1.0\apiguardian-api-1.1.0.jar;C:\Users\carla\.m2\repository\org\opentest4j\opentest4j\1.2.0\opentest4j-1.2.0.jar;C:\Users\carla\.m2\repository\org\junit\platform\junit-platform-commons\1.7.2\junit-platform-commons-1.7.2.jar;C:\Users\carla\.m2\repository\org\junit\jupiter\junit-jupiter-engine\5.7.2\junit-jupiter-engine-5.7.2.jar;C:\Users\carla\.m2\repository\org\junit\platform\junit-platform-engine\1.7.2\junit-platform-engine-1.7.2.jar;C:\Users\carla\.m2\repository\io\lippia\report\ltm-karate-adapter\1.0-SNAPSHOT\ltm-karate-adapter-1.0-SNAPSHOT.jar;C:\Users\carla\.m2\repository\org\springframework\spring-web\5.2.7.RELEASE\spring-web-5.2.7.RELEASE.jar;C:\Users\carla\.m2\repository\org\springframework\spring-beans\5.2.7.RELEASE\spring-beans-5.2.7.RELEASE.jar;C:\Users\carla\.m2\repository\org\springframework\spring-core\5.2.7.RELEASE\spring-core-5.2.7.RELEASE.jar;C:\Users\carla\.m2\repository\org\springframework\spring-jcl\5.2.7.RELEASE\spring-jcl-5.2.7.RELEASE.jar;C:\Users\carla\.m2\repository\commons-io\commons-io\2.6\commons-io-2.6.jar;C:\Users\carla\.m2\repository\org\apache\httpcomponents\httpclient\4.5.13\httpclient-4.5.13.jar;C:\Users\carla\.m2\repository\org\apache\httpcomponents\httpcore\4.4.13\httpcore-4.4.13.jar;C:\Users\carla\.m2\repository\commons-logging\commons-logging\1.2\commons-logging-1.2.jar;C:\Users\carla\.m2\repository\commons-codec\commons-codec\1.11\commons-codec-1.11.jar;C:\Users\carla\.m2\repository\org\jasypt\jasypt\1.9.3\jasypt-1.9.3.jar;"/>
    <property name="sun.cpu.endian" value="little"/>
    <property name="user.home" value="C:\Users\carla"/>
    <property name="user.language" value="es"/>
    <property name="java.specification.vendor" value="Oracle Corporation"/>
    <property name="java.version.date" value="2022-04-22"/>
    <property name="java.home" value="C:\Program Files\Java\jdk-18.0.1.1"/>
    <property name="file.separator" value="\"/>
    <property name="basedir" value="D:\adapterKarate\lippia-api-sample-project-karate"/>
    <property name="java.vm.compressedOopsMode" value="Zero based"/>
    <property name="line.separator" value="&#10;"/>
    <property name="java.vm.specification.vendor" value="Oracle Corporation"/>
    <property name="java.specification.name" value="Java Platform API Specification"/>
    <property name="user.script" value=""/>
    <property name="sun.management.compiler" value="HotSpot 64-Bit Tiered Compilers"/>
    <property name="java.runtime.version" value="18.0.1.1+2-6"/>
    <property name="user.name" value="carla"/>
    <property name="path.separator" value=";"/>
    <property name="os.version" value="10.0"/>
    <property name="java.runtime.name" value="Java(TM) SE Runtime Environment"/>
    <property name="TEST_MANAGER_USERNAME" value="GenericUserLTM"/>
    <property name="file.encoding" value="UTF-8"/>
    <property name="guice.disable.misplaced.annotation.check" value="true"/>
    <property name="java.vm.name" value="Java HotSpot(TM) 64-Bit Server VM"/>
    <property name="maven.ext.class.path" value="C:\Program Files\JetBrains\IntelliJ IDEA Community Edition 2022.1.3\plugins\maven\lib\maven-event-listener.jar"/>
    <property name="localRepository" value="C:\Users\carla\.m2\repository"/>
    <property name="java.vendor.url.bug" value="https://bugreport.java.com/bugreport/"/>
    <property name="java.io.tmpdir" value="C:\Users\carla\AppData\Local\Temp\"/>
    <property name="idea.version" value="2022.1.3"/>
    <property name="java.version" value="18.0.1.1"/>
    <property name="user.dir" value="D:\adapterKarate\lippia-api-sample-project-karate"/>
    <property name="os.arch" value="amd64"/>
    <property name="maven.multiModuleProjectDirectory" value="D:\adapterKarate\lippia-api-sample-project-karate"/>
    <property name="java.vm.specification.name" value="Java Virtual Machine Specification"/>
    <property name="TEST_MANAGER_PROJECT_CODE" value="KASP"/>
    <property name="sun.os.patch.level" value=""/>
    <property name="native.encoding" value="Cp1252"/>
    <property name="java.library.path" value="C:\Program Files\Java\jdk-18.0.1.1\bin;C:\WINDOWS\Sun\Java\bin;C:\WINDOWS\system32;C:\WINDOWS;C:\Program Files (x86)\Common Files\Oracle\Java\javapath;C:\Program Files\Common Files\Oracle\Java\javapath;C:\WINDOWS\system32;C:\WINDOWS;C:\WINDOWS\System32\Wbem;C:\WINDOWS\System32\WindowsPowerShell\v1.0\;C:\WINDOWS\System32\OpenSSH\;C:\Program Files\maven\bin;C:\Program Files\Git\cmd;C:\Program Files\nodejs\;D:\pythonCrow\allure-2.13.10\allure-2.13.10\bin;C:\Program Files\PuTTY\;C:\SRC\flutter\platform-tools;C:\SRC\flutter\tools;C:\Program Files\MySQL\MySQL Shell 8.0\bin\;C:\Users\carla\AppData\Local\Programs\Python\Python38\Scripts\;C:\Users\carla\AppData\Local\Programs\Python\Python38\;C:\Users\carla\AppData\Local\Microsoft\WindowsApps;C:\Program Files\Java\jdk1.8.0_202\bin;C:\Program Files\JetBrains\IntelliJ IDEA Community Edition 2022.1.3\bin;;C:\Users\carla\AppData\Local\Programs\Microsoft VS Code\bin;C:\Program Files\JetBrains\PyCharm Community Edition 2022.2.1\bin;;C:\SRC\flutter\bin;C:\Users\carla\AppData\Roaming\npm;C:\Users\carla\AppData\Local\GitHubDesktop\bin;D:\pythonCrow\allure-2.13.10\allure-2.13.10\bin;;."/>
    <property name="java.vm.info" value="mixed mode, sharing"/>
    <property name="java.vendor" value="Oracle Corporation"/>
    <property name="java.vm.version" value="18.0.1.1+2-6"/>
    <property name="classworlds.conf" value="C:\Program Files\JetBrains\IntelliJ IDEA Community Edition 2022.1.3\plugins\maven\lib\maven3\bin\m2.conf"/>
    <property name="sun.io.unicode.encoding" value="UnicodeLittle"/>
    <property name="java.class.version" value="62.0"/>
    <property name="TEST_MANAGER_PASSWORD" value="GenericUserLTM"/>
  </properties>
  <testcase name="testParallel" classname="examples.ExamplesTest" time="9.019">
    <failure type="org.opentest4j.AssertionFailedError"><![CDATA[org.opentest4j.AssertionFailedError: 
match failed: EQUALS
  $ | not equal (STRING:STRING)
  'doggie'
  'dog'

classpath:examples/Sample.feature:54 ==> expected: <0> but was: <1>
	at examples.ExamplesTest.testParallel(ExamplesTest.java:15)
]]></failure>
    <system-out><![CDATA[11:07:39.671 [main] DEBUG com.intuit.karate.Suite - [config] classpath:karate-config.js
11:07:39.687 [main] DEBUG com.intuit.karate.Suite - waiting for 2 features to complete
11:07:41.157 [pool-1-thread-2] INFO  com.intuit.karate - karate.env system property was: null 
11:07:41.157 [pool-1-thread-1] INFO  com.intuit.karate - karate.env system property was: null 
11:07:41.157 [pool-1-thread-5] INFO  com.intuit.karate - karate.env system property was: null 
11:07:41.157 [pool-1-thread-4] INFO  com.intuit.karate - karate.env system property was: null 
11:07:41.158 [pool-1-thread-3] INFO  com.intuit.karate - karate.env system property was: null 
11:07:41.255 [pool-1-thread-5] DEBUG com.intuit.karate - request:
1 > GET https://jsonplaceholder.typicode.com/users
1 > Host: jsonplaceholder.typicode.com
1 > Connection: Keep-Alive
1 > User-Agent: Apache-HttpClient/4.5.13 (Java/18.0.1.1)
1 > Accept-Encoding: gzip,deflate


11:07:41.334 [pool-1-thread-4] WARN  com.intuit.karate - remove failed: Missing property in path $['tag']
11:07:41.336 [pool-1-thread-2] DEBUG com.intuit.karate - request:
1 > GET https://rickandmortyapi.com/api/character/2
1 > Host: rickandmortyapi.com
1 > Connection: Keep-Alive
1 > User-Agent: Apache-HttpClient/4.5.13 (Java/18.0.1.1)
1 > Accept-Encoding: gzip,deflate


11:07:41.336 [pool-1-thread-1] DEBUG com.intuit.karate - request:
1 > GET https://rickandmortyapi.com/api/character/1
1 > Host: rickandmortyapi.com
1 > Connection: Keep-Alive
1 > User-Agent: Apache-HttpClient/4.5.13 (Java/18.0.1.1)
1 > Accept-Encoding: gzip,deflate


11:07:41.388 [pool-1-thread-4] DEBUG com.intuit.karate - request:
1 > POST https://petstore.swagger.io/v2/pet
1 > 'accept': application/json
1 > 'Content-Type': application/json
1 > Content-Type: application/json; charset=UTF-8
1 > Content-Length: 176
1 > Host: petstore.swagger.io
1 > Connection: Keep-Alive
1 > User-Agent: Apache-HttpClient/4.5.13 (Java/18.0.1.1)
1 > Accept-Encoding: gzip,deflate
{"id":0,"category":{"id":0,"name":"string"},"name":"doggie","photoUrls":["string"],"tags":[{"id":0,"name":"string"}],"status":"available","tag":[null,{"id":"5","name":"tag2"}]}

11:07:41.388 [pool-1-thread-3] DEBUG com.intuit.karate - request:
1 > POST https://petstore.swagger.io/v2/pet
1 > 'accept': application/json
1 > 'Content-Type': application/json
1 > Content-Type: application/json; charset=UTF-8
1 > Content-Length: 138
1 > Host: petstore.swagger.io
1 > Connection: Keep-Alive
1 > User-Agent: Apache-HttpClient/4.5.13 (Java/18.0.1.1)
1 > Accept-Encoding: gzip,deflate
{"id":0,"category":{"id":0,"name":"string"},"name":"doggie","photoUrls":["string"],"tags":[{"id":0,"name":"string"}],"status":"available"}

11:07:41.945 [pool-1-thread-2] DEBUG com.intuit.karate - response time in milliseconds: 602
1 < 200
1 < Access-Control-Allow-Origin: *
1 < Age: 116529
1 < Cache-Control: max-age=259200
1 < Cache-Status: "Netlify Edge"; hit
1 < Content-Type: application/json; charset=utf-8
1 < Date: Mon, 05 Feb 2024 14:07:41 GMT
1 < Etag: W/"a6e-zQHAPIKFfD+Wv+P+4aCju24Mapw"
1 < Expires: Wed, 07 Feb 2024 05:45:32 GMT
1 < Server: Netlify
1 < Strict-Transport-Security: max-age=31536000
1 < X-Nf-Request-Id: 01HNWSH7V5RJXMREVSJTWD3TNW
1 < X-Powered-By: Express
{"id":2,"name":"Morty Smith","status":"Alive","species":"Human","type":"","gender":"Male","origin":{"name":"unknown","url":""},"location":{"name":"Citadel of Ricks","url":"https://rickandmortyapi.com/api/location/3"},"image":"https://rickandmortyapi.com/api/character/avatar/2.jpeg","episode":["https://rickandmortyapi.com/api/episode/1","https://rickandmortyapi.com/api/episode/2","https://rickandmortyapi.com/api/episode/3","https://rickandmortyapi.com/api/episode/4","https://rickandmortyapi.com/api/episode/5","https://rickandmortyapi.com/api/episode/6","https://rickandmortyapi.com/api/episode/7","https://rickandmortyapi.com/api/episode/8","https://rickandmortyapi.com/api/episode/9","https://rickandmortyapi.com/api/episode/10","https://rickandmortyapi.com/api/episode/11","https://rickandmortyapi.com/api/episode/12","https://rickandmortyapi.com/api/episode/13","https://rickandmortyapi.com/api/episode/14","https://rickandmortyapi.com/api/episode/15","https://rickandmortyapi.com/api/episode/16","https://rickandmortyapi.com/api/episode/17","https://rickandmortyapi.com/api/episode/18","https://rickandmortyapi.com/api/episode/19","https://rickandmortyapi.com/api/episode/20","https://rickandmortyapi.com/api/episode/21","https://rickandmortyapi.com/api/episode/22","https://rickandmortyapi.com/api/episode/23","https://rickandmortyapi.com/api/episode/24","https://rickandmortyapi.com/api/episode/25","https://rickandmortyapi.com/api/episode/26","https://rickandmortyapi.com/api/episode/27","https://rickandmortyapi.com/api/episode/28","https://rickandmortyapi.com/api/episode/29","https://rickandmortyapi.com/api/episode/30","https://rickandmortyapi.com/api/episode/31","https://rickandmortyapi.com/api/episode/32","https://rickandmortyapi.com/api/episode/33","https://rickandmortyapi.com/api/episode/34","https://rickandmortyapi.com/api/episode/35","https://rickandmortyapi.com/api/episode/36","https://rickandmortyapi.com/api/episode/37","https://rickandmortyapi.com/api/episode/38","https://rickandmortyapi.com/api/episode/39","https://rickandmortyapi.com/api/episode/40","https://rickandmortyapi.com/api/episode/41","https://rickandmortyapi.com/api/episode/42","https://rickandmortyapi.com/api/episode/43","https://rickandmortyapi.com/api/episode/44","https://rickandmortyapi.com/api/episode/45","https://rickandmortyapi.com/api/episode/46","https://rickandmortyapi.com/api/episode/47","https://rickandmortyapi.com/api/episode/48","https://rickandmortyapi.com/api/episode/49","https://rickandmortyapi.com/api/episode/50","https://rickandmortyapi.com/api/episode/51"],"url":"https://rickandmortyapi.com/api/character/2","created":"2017-11-04T18:50:21.651Z"}

11:07:41.945 [pool-1-thread-1] DEBUG com.intuit.karate - response time in milliseconds: 603
1 < 200
1 < Access-Control-Allow-Origin: *
1 < Age: 2653
1 < Cache-Control: max-age=259200
1 < Cache-Status: "Netlify Edge"; hit
1 < Content-Type: application/json; charset=utf-8
1 < Date: Mon, 05 Feb 2024 14:07:41 GMT
1 < Etag: W/"a9f-I68Cx5oSPFclkl+Wy2Fr9jNsFS8"
1 < Expires: Thu, 08 Feb 2024 13:23:29 GMT
1 < Server: Netlify
1 < Strict-Transport-Security: max-age=31536000
1 < X-Nf-Request-Id: 01HNWSH7V757YP85G59ZFD92Q4
1 < X-Powered-By: Express
{"id":1,"name":"Rick Sanchez","status":"Alive","species":"Human","type":"","gender":"Male","origin":{"name":"Earth (C-137)","url":"https://rickandmortyapi.com/api/location/1"},"location":{"name":"Citadel of Ricks","url":"https://rickandmortyapi.com/api/location/3"},"image":"https://rickandmortyapi.com/api/character/avatar/1.jpeg","episode":["https://rickandmortyapi.com/api/episode/1","https://rickandmortyapi.com/api/episode/2","https://rickandmortyapi.com/api/episode/3","https://rickandmortyapi.com/api/episode/4","https://rickandmortyapi.com/api/episode/5","https://rickandmortyapi.com/api/episode/6","https://rickandmortyapi.com/api/episode/7","https://rickandmortyapi.com/api/episode/8","https://rickandmortyapi.com/api/episode/9","https://rickandmortyapi.com/api/episode/10","https://rickandmortyapi.com/api/episode/11","https://rickandmortyapi.com/api/episode/12","https://rickandmortyapi.com/api/episode/13","https://rickandmortyapi.com/api/episode/14","https://rickandmortyapi.com/api/episode/15","https://rickandmortyapi.com/api/episode/16","https://rickandmortyapi.com/api/episode/17","https://rickandmortyapi.com/api/episode/18","https://rickandmortyapi.com/api/episode/19","https://rickandmortyapi.com/api/episode/20","https://rickandmortyapi.com/api/episode/21","https://rickandmortyapi.com/api/episode/22","https://rickandmortyapi.com/api/episode/23","https://rickandmortyapi.com/api/episode/24","https://rickandmortyapi.com/api/episode/25","https://rickandmortyapi.com/api/episode/26","https://rickandmortyapi.com/api/episode/27","https://rickandmortyapi.com/api/episode/28","https://rickandmortyapi.com/api/episode/29","https://rickandmortyapi.com/api/episode/30","https://rickandmortyapi.com/api/episode/31","https://rickandmortyapi.com/api/episode/32","https://rickandmortyapi.com/api/episode/33","https://rickandmortyapi.com/api/episode/34","https://rickandmortyapi.com/api/episode/35","https://rickandmortyapi.com/api/episode/36","https://rickandmortyapi.com/api/episode/37","https://rickandmortyapi.com/api/episode/38","https://rickandmortyapi.com/api/episode/39","https://rickandmortyapi.com/api/episode/40","https://rickandmortyapi.com/api/episode/41","https://rickandmortyapi.com/api/episode/42","https://rickandmortyapi.com/api/episode/43","https://rickandmortyapi.com/api/episode/44","https://rickandmortyapi.com/api/episode/45","https://rickandmortyapi.com/api/episode/46","https://rickandmortyapi.com/api/episode/47","https://rickandmortyapi.com/api/episode/48","https://rickandmortyapi.com/api/episode/49","https://rickandmortyapi.com/api/episode/50","https://rickandmortyapi.com/api/episode/51"],"url":"https://rickandmortyapi.com/api/character/1","created":"2017-11-04T18:48:46.250Z"}

11:07:41.945 [pool-1-thread-5] DEBUG com.intuit.karate - response time in milliseconds: 678
1 < 200
1 < Date: Mon, 05 Feb 2024 14:07:41 GMT
1 < Content-Type: application/json; charset=utf-8
1 < Transfer-Encoding: chunked
1 < Connection: keep-alive
1 < Report-To: {"group":"heroku-nel","max_age":3600,"endpoints":[{"url":"https://nel.heroku.com/reports?ts=1701331524&sid=e11707d5-02a7-43ef-b45e-2cf4d2036f7d&s=Uvn6xwrTWkF%2Bi0fBADB8hZp6Y%2BDRKsahnVzPA2GtTdw%3D"}]}
1 < Reporting-Endpoints: heroku-nel=https://nel.heroku.com/reports?ts=1701331524&sid=e11707d5-02a7-43ef-b45e-2cf4d2036f7d&s=Uvn6xwrTWkF%2Bi0fBADB8hZp6Y%2BDRKsahnVzPA2GtTdw%3D
1 < Nel: {"report_to":"heroku-nel","max_age":3600,"success_fraction":0.005,"failure_fraction":0.05,"response_headers":["Via"]}
1 < X-Powered-By: Express
1 < X-Ratelimit-Limit: 1000
1 < X-Ratelimit-Remaining: 999
1 < X-Ratelimit-Reset: 1701331570
1 < Vary: Origin, Accept-Encoding
1 < Access-Control-Allow-Credentials: true
1 < Cache-Control: max-age=43200
1 < Pragma: no-cache
1 < Expires: -1
1 < X-Content-Type-Options: nosniff
1 < Etag: W/"160d-1eMSsxeJRfnVLRBmYJSbCiJZ1qQ"
1 < Via: 1.1 vegur
1 < CF-Cache-Status: HIT
1 < Age: 7846
1 < Server: cloudflare
1 < CF-RAY: 850bb89f697c21e7-MIA
1 < alt-svc: h3=":443"; ma=86400
[
  {
    "id": 1,
    "name": "Leanne Graham",
    "username": "Bret",
    "email": "Sincere@april.biz",
    "address": {
      "street": "Kulas Light",
      "suite": "Apt. 556",
      "city": "Gwenborough",
      "zipcode": "92998-3874",
      "geo": {
        "lat": "-37.3159",
        "lng": "81.1496"
      }
    },
    "phone": "1-770-736-8031 x56442",
    "website": "hildegard.org",
    "company": {
      "name": "Romaguera-Crona",
      "catchPhrase": "Multi-layered client-server neural-net",
      "bs": "harness real-time e-markets"
    }
  },
  {
    "id": 2,
    "name": "Ervin Howell",
    "username": "Antonette",
    "email": "Shanna@melissa.tv",
    "address": {
      "street": "Victor Plains",
      "suite": "Suite 879",
      "city": "Wisokyburgh",
      "zipcode": "90566-7771",
      "geo": {
        "lat": "-43.9509",
        "lng": "-34.4618"
      }
    },
    "phone": "010-692-6593 x09125",
    "website": "anastasia.net",
    "company": {
      "name": "Deckow-Crist",
      "catchPhrase": "Proactive didactic contingency",
      "bs": "synergize scalable supply-chains"
    }
  },
  {
    "id": 3,
    "name": "Clementine Bauch",
    "username": "Samantha",
    "email": "Nathan@yesenia.net",
    "address": {
      "street": "Douglas Extension",
      "suite": "Suite 847",
      "city": "McKenziehaven",
      "zipcode": "59590-4157",
      "geo": {
        "lat": "-68.6102",
        "lng": "-47.0653"
      }
    },
    "phone": "1-463-123-4447",
    "website": "ramiro.info",
    "company": {
      "name": "Romaguera-Jacobson",
      "catchPhrase": "Face to face bifurcated interface",
      "bs": "e-enable strategic applications"
    }
  },
  {
    "id": 4,
    "name": "Patricia Lebsack",
    "username": "Karianne",
    "email": "Julianne.OConner@kory.org",
    "address": {
      "street": "Hoeger Mall",
      "suite": "Apt. 692",
      "city": "South Elvis",
      "zipcode": "53919-4257",
      "geo": {
        "lat": "29.4572",
        "lng": "-164.2990"
      }
    },
    "phone": "493-170-9623 x156",
    "website": "kale.biz",
    "company": {
      "name": "Robel-Corkery",
      "catchPhrase": "Multi-tiered zero tolerance productivity",
      "bs": "transition cutting-edge web services"
    }
  },
  {
    "id": 5,
    "name": "Chelsey Dietrich",
    "username": "Kamren",
    "email": "Lucio_Hettinger@annie.ca",
    "address": {
      "street": "Skiles Walks",
      "suite": "Suite 351",
      "city": "Roscoeview",
      "zipcode": "33263",
      "geo": {
        "lat": "-31.8129",
        "lng": "62.5342"
      }
    },
    "phone": "(254)954-1289",
    "website": "demarco.info",
    "company": {
      "name": "Keebler LLC",
      "catchPhrase": "User-centric fault-tolerant solution",
      "bs": "revolutionize end-to-end systems"
    }
  },
  {
    "id": 6,
    "name": "Mrs. Dennis Schulist",
    "username": "Leopoldo_Corkery",
    "email": "Karley_Dach@jasper.info",
    "address": {
      "street": "Norberto Crossing",
      "suite": "Apt. 950",
      "city": "South Christy",
      "zipcode": "23505-1337",
      "geo": {
        "lat": "-71.4197",
        "lng": "71.7478"
      }
    },
    "phone": "1-477-935-8478 x6430",
    "website": "ola.org",
    "company": {
      "name": "Considine-Lockman",
      "catchPhrase": "Synchronised bottom-line interface",
      "bs": "e-enable innovative applications"
    }
  },
  {
    "id": 7,
    "name": "Kurtis Weissnat",
    "username": "Elwyn.Skiles",
    "email": "Telly.Hoeger@billy.biz",
    "address": {
      "street": "Rex Trail",
      "suite": "Suite 280",
      "city": "Howemouth",
      "zipcode": "58804-1099",
      "geo": {
        "lat": "24.8918",
        "lng": "21.8984"
      }
    },
    "phone": "210.067.6132",
    "website": "elvis.io",
    "company": {
      "name": "Johns Group",
      "catchPhrase": "Configurable multimedia task-force",
      "bs": "generate enterprise e-tailers"
    }
  },
  {
    "id": 8,
    "name": "Nicholas Runolfsdottir V",
    "username": "Maxime_Nienow",
    "email": "Sherwood@rosamond.me",
    "address": {
      "street": "Ellsworth Summit",
      "suite": "Suite 729",
      "city": "Aliyaview",
      "zipcode": "45169",
      "geo": {
        "lat": "-14.3990",
        "lng": "-120.7677"
      }
    },
    "phone": "586.493.6943 x140",
    "website": "jacynthe.com",
    "company": {
      "name": "Abernathy Group",
      "catchPhrase": "Implemented secondary concept",
      "bs": "e-enable extensible e-tailers"
    }
  },
  {
    "id": 9,
    "name": "Glenna Reichert",
    "username": "Delphine",
    "email": "Chaim_McDermott@dana.io",
    "address": {
      "street": "Dayna Park",
      "suite": "Suite 449",
      "city": "Bartholomebury",
      "zipcode": "76495-3109",
      "geo": {
        "lat": "24.6463",
        "lng": "-168.8889"
      }
    },
    "phone": "(775)976-6794 x41206",
    "website": "conrad.com",
    "company": {
      "name": "Yost and Sons",
      "catchPhrase": "Switchable contextually-based project",
      "bs": "aggregate real-time technologies"
    }
  },
  {
    "id": 10,
    "name": "Clementina DuBuque",
    "username": "Moriah.Stanton",
    "email": "Rey.Padberg@karina.biz",
    "address": {
      "street": "Kattie Turnpike",
      "suite": "Suite 198",
      "city": "Lebsackbury",
      "zipcode": "31428-2261",
      "geo": {
        "lat": "-38.2386",
        "lng": "57.2232"
      }
    },
    "phone": "024-648-3804",
    "website": "ambrose.net",
    "company": {
      "name": "Hoeger LLC",
      "catchPhrase": "Centralized empowering task-force",
      "bs": "target end-to-end models"
    }
  }
]

11:07:41.990 [pool-1-thread-1] INFO  com.intuit.karate - [print] {
  "id": 1,
  "name": "Rick Sanchez",
  "status": "Alive",
  "species": "Human",
  "type": "",
  "gender": "Male",
  "origin": {
    "name": "Earth (C-137)",
    "url": "https://rickandmortyapi.com/api/location/1"
  },
  "location": {
    "name": "Citadel of Ricks",
    "url": "https://rickandmortyapi.com/api/location/3"
  },
  "image": "https://rickandmortyapi.com/api/character/avatar/1.jpeg",
  "episode": [
    "https://rickandmortyapi.com/api/episode/1",
    "https://rickandmortyapi.com/api/episode/2",
    "https://rickandmortyapi.com/api/episode/3",
    "https://rickandmortyapi.com/api/episode/4",
    "https://rickandmortyapi.com/api/episode/5",
    "https://rickandmortyapi.com/api/episode/6",
    "https://rickandmortyapi.com/api/episode/7",
    "https://rickandmortyapi.com/api/episode/8",
    "https://rickandmortyapi.com/api/episode/9",
    "https://rickandmortyapi.com/api/episode/10",
    "https://rickandmortyapi.com/api/episode/11",
    "https://rickandmortyapi.com/api/episode/12",
    "https://rickandmortyapi.com/api/episode/13",
    "https://rickandmortyapi.com/api/episode/14",
    "https://rickandmortyapi.com/api/episode/15",
    "https://rickandmortyapi.com/api/episode/16",
    "https://rickandmortyapi.com/api/episode/17",
    "https://rickandmortyapi.com/api/episode/18",
    "https://rickandmortyapi.com/api/episode/19",
    "https://rickandmortyapi.com/api/episode/20",
    "https://rickandmortyapi.com/api/episode/21",
    "https://rickandmortyapi.com/api/episode/22",
    "https://rickandmortyapi.com/api/episode/23",
    "https://rickandmortyapi.com/api/episode/24",
    "https://rickandmortyapi.com/api/episode/25",
    "https://rickandmortyapi.com/api/episode/26",
    "https://rickandmortyapi.com/api/episode/27",
    "https://rickandmortyapi.com/api/episode/28",
    "https://rickandmortyapi.com/api/episode/29",
    "https://rickandmortyapi.com/api/episode/30",
    "https://rickandmortyapi.com/api/episode/31",
    "https://rickandmortyapi.com/api/episode/32",
    "https://rickandmortyapi.com/api/episode/33",
    "https://rickandmortyapi.com/api/episode/34",
    "https://rickandmortyapi.com/api/episode/35",
    "https://rickandmortyapi.com/api/episode/36",
    "https://rickandmortyapi.com/api/episode/37",
    "https://rickandmortyapi.com/api/episode/38",
    "https://rickandmortyapi.com/api/episode/39",
    "https://rickandmortyapi.com/api/episode/40",
    "https://rickandmortyapi.com/api/episode/41",
    "https://rickandmortyapi.com/api/episode/42",
    "https://rickandmortyapi.com/api/episode/43",
    "https://rickandmortyapi.com/api/episode/44",
    "https://rickandmortyapi.com/api/episode/45",
    "https://rickandmortyapi.com/api/episode/46",
    "https://rickandmortyapi.com/api/episode/47",
    "https://rickandmortyapi.com/api/episode/48",
    "https://rickandmortyapi.com/api/episode/49",
    "https://rickandmortyapi.com/api/episode/50",
    "https://rickandmortyapi.com/api/episode/51"
  ],
  "url": "https://rickandmortyapi.com/api/character/1",
  "created": "2017-11-04T18:48:46.250Z"
}
 
11:07:41.990 [pool-1-thread-2] INFO  com.intuit.karate - [print] {
  "id": 2,
  "name": "Morty Smith",
  "status": "Alive",
  "species": "Human",
  "type": "",
  "gender": "Male",
  "origin": {
    "name": "unknown",
    "url": ""
  },
  "location": {
    "name": "Citadel of Ricks",
    "url": "https://rickandmortyapi.com/api/location/3"
  },
  "image": "https://rickandmortyapi.com/api/character/avatar/2.jpeg",
  "episode": [
    "https://rickandmortyapi.com/api/episode/1",
    "https://rickandmortyapi.com/api/episode/2",
    "https://rickandmortyapi.com/api/episode/3",
    "https://rickandmortyapi.com/api/episode/4",
    "https://rickandmortyapi.com/api/episode/5",
    "https://rickandmortyapi.com/api/episode/6",
    "https://rickandmortyapi.com/api/episode/7",
    "https://rickandmortyapi.com/api/episode/8",
    "https://rickandmortyapi.com/api/episode/9",
    "https://rickandmortyapi.com/api/episode/10",
    "https://rickandmortyapi.com/api/episode/11",
    "https://rickandmortyapi.com/api/episode/12",
    "https://rickandmortyapi.com/api/episode/13",
    "https://rickandmortyapi.com/api/episode/14",
    "https://rickandmortyapi.com/api/episode/15",
    "https://rickandmortyapi.com/api/episode/16",
    "https://rickandmortyapi.com/api/episode/17",
    "https://rickandmortyapi.com/api/episode/18",
    "https://rickandmortyapi.com/api/episode/19",
    "https://rickandmortyapi.com/api/episode/20",
    "https://rickandmortyapi.com/api/episode/21",
    "https://rickandmortyapi.com/api/episode/22",
    "https://rickandmortyapi.com/api/episode/23",
    "https://rickandmortyapi.com/api/episode/24",
    "https://rickandmortyapi.com/api/episode/25",
    "https://rickandmortyapi.com/api/episode/26",
    "https://rickandmortyapi.com/api/episode/27",
    "https://rickandmortyapi.com/api/episode/28",
    "https://rickandmortyapi.com/api/episode/29",
    "https://rickandmortyapi.com/api/episode/30",
    "https://rickandmortyapi.com/api/episode/31",
    "https://rickandmortyapi.com/api/episode/32",
    "https://rickandmortyapi.com/api/episode/33",
    "https://rickandmortyapi.com/api/episode/34",
    "https://rickandmortyapi.com/api/episode/35",
    "https://rickandmortyapi.com/api/episode/36",
    "https://rickandmortyapi.com/api/episode/37",
    "https://rickandmortyapi.com/api/episode/38",
    "https://rickandmortyapi.com/api/episode/39",
    "https://rickandmortyapi.com/api/episode/40",
    "https://rickandmortyapi.com/api/episode/41",
    "https://rickandmortyapi.com/api/episode/42",
    "https://rickandmortyapi.com/api/episode/43",
    "https://rickandmortyapi.com/api/episode/44",
    "https://rickandmortyapi.com/api/episode/45",
    "https://rickandmortyapi.com/api/episode/46",
    "https://rickandmortyapi.com/api/episode/47",
    "https://rickandmortyapi.com/api/episode/48",
    "https://rickandmortyapi.com/api/episode/49",
    "https://rickandmortyapi.com/api/episode/50",
    "https://rickandmortyapi.com/api/episode/51"
  ],
  "url": "https://rickandmortyapi.com/api/character/2",
  "created": "2017-11-04T18:50:21.651Z"
}
 
11:07:42.010 [pool-1-thread-5] DEBUG com.intuit.karate - request:
2 > GET https://jsonplaceholder.typicode.com/users/1
2 > Host: jsonplaceholder.typicode.com
2 > Connection: Keep-Alive
2 > User-Agent: Apache-HttpClient/4.5.13 (Java/18.0.1.1)
2 > Accept-Encoding: gzip,deflate


11:07:42.445 [pool-1-thread-3] DEBUG com.intuit.karate - response time in milliseconds: 1054
1 < 200
1 < Date: Mon, 05 Feb 2024 14:07:42 GMT
1 < Content-Type: application/json
1 < Transfer-Encoding: chunked
1 < Connection: keep-alive
1 < Access-Control-Allow-Origin: *
1 < Access-Control-Allow-Methods: GET, POST, DELETE, PUT
1 < Access-Control-Allow-Headers: Content-Type, api_key, Authorization
1 < Server: Jetty(9.2.9.v20150224)
{"id":9223372036854775807,"category":{"id":0,"name":"string"},"name":"doggie","photoUrls":["string"],"tags":[{"id":0,"name":"string"}],"status":"available"}

11:07:42.445 [pool-1-thread-4] DEBUG com.intuit.karate - response time in milliseconds: 1055
1 < 200
1 < Date: Mon, 05 Feb 2024 14:07:42 GMT
1 < Content-Type: application/json
1 < Transfer-Encoding: chunked
1 < Connection: keep-alive
1 < Access-Control-Allow-Origin: *
1 < Access-Control-Allow-Methods: GET, POST, DELETE, PUT
1 < Access-Control-Allow-Headers: Content-Type, api_key, Authorization
1 < Server: Jetty(9.2.9.v20150224)
{"id":9223372036854775807,"category":{"id":0,"name":"string"},"name":"doggie","photoUrls":["string"],"tags":[{"id":0,"name":"string"}],"status":"available"}

11:07:42.445 [pool-1-thread-3] INFO  com.intuit.karate - [print] {
  "id": 9223372036854775807,
  "category": {
    "id": 0,
    "name": "string"
  },
  "name": "doggie",
  "photoUrls": [
    "string"
  ],
  "tags": [
    {
      "id": 0,
      "name": "string"
    }
  ],
  "status": "available"
}
 
11:07:42.445 [pool-1-thread-4] ERROR com.intuit.karate - classpath:examples/Sample.feature:54
And match response.name == 'dog'
match failed: EQUALS
  $ | not equal (STRING:STRING)
  'doggie'
  'dog'

classpath:examples/Sample.feature:54
11:07:42.540 [pool-1-thread-2] INFO  com.intuit.karate - karate.env system property was: null 
11:07:42.556 [pool-1-thread-2] DEBUG com.intuit.karate - request:
1 > POST https://jsonplaceholder.typicode.com/users
1 > Content-Type: application/json; charset=UTF-8
1 > Content-Length: 160
1 > Host: jsonplaceholder.typicode.com
1 > Connection: Keep-Alive
1 > User-Agent: Apache-HttpClient/4.5.13 (Java/18.0.1.1)
1 > Accept-Encoding: gzip,deflate
{"name":"Test User","username":"testuser","email":"test@user.com","address":{"street":"Has No Name","suite":"Apt. 123","city":"Electri","zipcode":"54321-6789"}}

11:07:42.650 [pool-1-thread-5] DEBUG com.intuit.karate - response time in milliseconds: 625
2 < 200
2 < Date: Mon, 05 Feb 2024 14:07:42 GMT
2 < Content-Type: application/json; charset=utf-8
2 < Transfer-Encoding: chunked
2 < Connection: keep-alive
2 < Report-To: {"group":"heroku-nel","max_age":3600,"endpoints":[{"url":"https://nel.heroku.com/reports?ts=1705094145&sid=e11707d5-02a7-43ef-b45e-2cf4d2036f7d&s=ctSyoG6gKxJPmk54gw7t4GDGdG%2BBitdsZ4VBqqUSbi0%3D"}]}
2 < Reporting-Endpoints: heroku-nel=https://nel.heroku.com/reports?ts=1705094145&sid=e11707d5-02a7-43ef-b45e-2cf4d2036f7d&s=ctSyoG6gKxJPmk54gw7t4GDGdG%2BBitdsZ4VBqqUSbi0%3D
2 < Nel: {"report_to":"heroku-nel","max_age":3600,"success_fraction":0.005,"failure_fraction":0.05,"response_headers":["Via"]}
2 < X-Powered-By: Express
2 < X-Ratelimit-Limit: 1000
2 < X-Ratelimit-Remaining: 999
2 < X-Ratelimit-Reset: 1705094178
2 < Vary: Origin, Accept-Encoding
2 < Access-Control-Allow-Credentials: true
2 < Cache-Control: max-age=43200
2 < Pragma: no-cache
2 < Expires: -1
2 < X-Content-Type-Options: nosniff
2 < Etag: W/"1fd-+2Y3G3w049iSZtw5t1mzSnunngE"
2 < Via: 1.1 vegur
2 < CF-Cache-Status: HIT
2 < Age: 3559
2 < Server: cloudflare
2 < CF-RAY: 850bb8a3ab1a7483-MIA
2 < alt-svc: h3=":443"; ma=86400
{
  "id": 1,
  "name": "Leanne Graham",
  "username": "Bret",
  "email": "Sincere@april.biz",
  "address": {
    "street": "Kulas Light",
    "suite": "Apt. 556",
    "city": "Gwenborough",
    "zipcode": "92998-3874",
    "geo": {
      "lat": "-37.3159",
      "lng": "81.1496"
    }
  },
  "phone": "1-770-736-8031 x56442",
  "website": "hildegard.org",
  "company": {
    "name": "Romaguera-Crona",
    "catchPhrase": "Multi-layered client-server neural-net",
    "bs": "harness real-time e-markets"
  }
}

11:07:43.152 [pool-1-thread-2] DEBUG com.intuit.karate - response time in milliseconds: 596
1 < 201
1 < Date: Mon, 05 Feb 2024 14:07:43 GMT
1 < Content-Type: application/json; charset=utf-8
1 < Content-Length: 216
1 < Connection: keep-alive
1 < Report-To: {"group":"heroku-nel","max_age":3600,"endpoints":[{"url":"https://nel.heroku.com/reports?ts=1707142063&sid=e11707d5-02a7-43ef-b45e-2cf4d2036f7d&s=6FzlVsnFpy1rFLJY4Rjd1ypCL1VevkywNA0g1JpCoqo%3D"}]}
1 < Reporting-Endpoints: heroku-nel=https://nel.heroku.com/reports?ts=1707142063&sid=e11707d5-02a7-43ef-b45e-2cf4d2036f7d&s=6FzlVsnFpy1rFLJY4Rjd1ypCL1VevkywNA0g1JpCoqo%3D
1 < Nel: {"report_to":"heroku-nel","max_age":3600,"success_fraction":0.005,"failure_fraction":0.05,"response_headers":["Via"]}
1 < X-Powered-By: Express
1 < X-Ratelimit-Limit: 1000
1 < X-Ratelimit-Remaining: 999
1 < X-Ratelimit-Reset: 1707142085
1 < Vary: Origin, X-HTTP-Method-Override, Accept-Encoding
1 < Access-Control-Allow-Credentials: true
1 < Cache-Control: no-cache
1 < Pragma: no-cache
1 < Expires: -1
1 < Access-Control-Expose-Headers: Location
1 < Location: https://jsonplaceholder.typicode.com/users/11
1 < X-Content-Type-Options: nosniff
1 < Etag: W/"d8-pYV7+YuMGP2hxHPU9ARrf97ifDA"
1 < Via: 1.1 vegur
1 < CF-Cache-Status: DYNAMIC
1 < Server: cloudflare
1 < CF-RAY: 850bb8a6896b333d-MIA
1 < alt-svc: h3=":443"; ma=86400
{
  "name": "Test User",
  "username": "testuser",
  "email": "test@user.com",
  "address": {
    "street": "Has No Name",
    "suite": "Apt. 123",
    "city": "Electri",
    "zipcode": "54321-6789"
  },
  "id": 11
}

11:07:43.169 [pool-1-thread-2] INFO  com.intuit.karate - [print] created id is:  11 
---------------------------------------------------------
feature: classpath:examples/Sample.feature
scenarios:  4 | passed:  3 | failed:  1 | time: 4,0240
---------------------------------------------------------

11:07:44.583 [pool-2-thread-1] INFO  com.intuit.karate.Suite - <<fail>> feature 1 of 2 (1 remaining) classpath:examples/Sample.feature
---------------------------------------------------------
feature: classpath:examples/users/users.feature
scenarios:  2 | passed:  2 | failed:  0 | time: 2,0450
---------------------------------------------------------

11:07:44.724 [pool-2-thread-1] INFO  com.intuit.karate.Suite - <<pass>> feature 2 of 2 (0 remaining) classpath:examples/users/users.feature
Karate version: 1.2.0
======================================================
elapsed:   6,66 | threads:    5 | thread time: 6,07 
features:     2 | skipped:    0 | efficiency: 0,18
scenarios:    6 | passed:     5 | failed: 1
======================================================
>>> failed features:
match failed: EQUALS
  $ | not equal (STRING:STRING)
  'doggie'
  'dog'

classpath:examples/Sample.feature:54
<<<

HTML report: (paste into browser to view) | Karate version: 1.2.0
file:///D:/adapterKarate/lippia-api-sample-project-karate/target/karate-reports/karate-summary.html
===================================================================

]]></system-out>
  </testcase>
</testsuite>